0 info it worked if it ends with ok
1 verbose cli [ '/usr/local/bin/node',
1 verbose cli   '/usr/local/bin/npm',
1 verbose cli   'install',
1 verbose cli   '-g',
1 verbose cli   'learnyounode' ]
2 info using npm@2.15.0
3 info using node@v4.4.2
4 verbose install initial load of /usr/local/lib/package.json
5 verbose readDependencies loading dependencies from /usr/local/lib/package.json
6 silly cache add args [ 'learnyounode', null ]
7 verbose cache add spec learnyounode
8 silly cache add parsed spec Result {
8 silly cache add   raw: 'learnyounode',
8 silly cache add   scope: null,
8 silly cache add   name: 'learnyounode',
8 silly cache add   rawSpec: '',
8 silly cache add   spec: 'latest',
8 silly cache add   type: 'tag' }
9 silly addNamed learnyounode@latest
10 verbose addNamed "latest" is being treated as a dist-tag for learnyounode
11 info addNameTag [ 'learnyounode', 'latest' ]
12 silly mapToRegistry name learnyounode
13 silly mapToRegistry using default registry
14 silly mapToRegistry registry https://registry.npmjs.org/
15 silly mapToRegistry data Result {
15 silly mapToRegistry   raw: 'learnyounode',
15 silly mapToRegistry   scope: null,
15 silly mapToRegistry   name: 'learnyounode',
15 silly mapToRegistry   rawSpec: '',
15 silly mapToRegistry   spec: 'latest',
15 silly mapToRegistry   type: 'tag' }
16 silly mapToRegistry uri https://registry.npmjs.org/learnyounode
17 verbose addNameTag registry:https://registry.npmjs.org/learnyounode not in flight; fetching
18 verbose request uri https://registry.npmjs.org/learnyounode
19 verbose request no auth needed
20 info attempt registry request try #1 at 2:19:50 PM
21 verbose request id 7b70080b80d41c9f
22 http request GET https://registry.npmjs.org/learnyounode
23 http 200 https://registry.npmjs.org/learnyounode
24 verbose headers { server: 'CouchDB/1.5.0 (Erlang OTP/R16B03)',
24 verbose headers   etag: '"AT24CQ12L8E1WGUY2AZBB6F0D"',
24 verbose headers   'content-type': 'application/json',
24 verbose headers   'content-encoding': 'gzip',
24 verbose headers   'cache-control': 'max-age=300',
24 verbose headers   'content-length': '16892',
24 verbose headers   'accept-ranges': 'bytes',
24 verbose headers   date: 'Mon, 16 May 2016 20:19:50 GMT',
24 verbose headers   via: '1.1 varnish',
24 verbose headers   age: '0',
24 verbose headers   connection: 'keep-alive',
24 verbose headers   'x-served-by': 'cache-lax1441-LAX',
24 verbose headers   'x-cache': 'HIT',
24 verbose headers   'x-cache-hits': '1',
24 verbose headers   'x-timer': 'S1463429990.654771,VS0,VE43',
24 verbose headers   vary: 'Accept-Encoding' }
25 silly get cb [ 200,
25 silly get   { server: 'CouchDB/1.5.0 (Erlang OTP/R16B03)',
25 silly get     etag: '"AT24CQ12L8E1WGUY2AZBB6F0D"',
25 silly get     'content-type': 'application/json',
25 silly get     'content-encoding': 'gzip',
25 silly get     'cache-control': 'max-age=300',
25 silly get     'content-length': '16892',
25 silly get     'accept-ranges': 'bytes',
25 silly get     date: 'Mon, 16 May 2016 20:19:50 GMT',
25 silly get     via: '1.1 varnish',
25 silly get     age: '0',
25 silly get     connection: 'keep-alive',
25 silly get     'x-served-by': 'cache-lax1441-LAX',
25 silly get     'x-cache': 'HIT',
25 silly get     'x-cache-hits': '1',
25 silly get     'x-timer': 'S1463429990.654771,VS0,VE43',
25 silly get     vary: 'Accept-Encoding' } ]
26 verbose get saving learnyounode to /Users/JECII/.npm/registry.npmjs.org/learnyounode/.cache.json
27 verbose correctMkdir /Users/JECII/.npm correctMkdir not in flight; initializing
28 silly addNameTag next cb for learnyounode with tag latest
29 silly addNamed learnyounode@3.5.1
30 verbose addNamed "3.5.1" is a plain semver version for learnyounode
31 silly mapToRegistry name learnyounode
32 silly mapToRegistry using default registry
33 silly mapToRegistry registry https://registry.npmjs.org/
34 silly mapToRegistry data Result {
34 silly mapToRegistry   raw: 'learnyounode',
34 silly mapToRegistry   scope: null,
34 silly mapToRegistry   name: 'learnyounode',
34 silly mapToRegistry   rawSpec: '',
34 silly mapToRegistry   spec: 'latest',
34 silly mapToRegistry   type: 'tag' }
35 silly mapToRegistry uri https://registry.npmjs.org/learnyounode
36 verbose addRemoteTarball https://registry.npmjs.org/learnyounode/-/learnyounode-3.5.1.tgz not in flight; adding
37 verbose addRemoteTarball [ 'https://registry.npmjs.org/learnyounode/-/learnyounode-3.5.1.tgz',
37 verbose addRemoteTarball   '1e48b0e74c6c9f1555bce69b177b909511271651' ]
38 info retry fetch attempt 1 at 2:19:50 PM
39 info attempt registry request try #1 at 2:19:50 PM
40 http fetch GET https://registry.npmjs.org/learnyounode/-/learnyounode-3.5.1.tgz
41 http fetch 200 https://registry.npmjs.org/learnyounode/-/learnyounode-3.5.1.tgz
42 silly fetchAndShaCheck shasum 1e48b0e74c6c9f1555bce69b177b909511271651
43 verbose addTmpTarball /var/folders/7_/651731yd7w9_j3kdwlh9l0r40000gn/T/npm-57641-0bff355b/registry.npmjs.org/learnyounode/-/learnyounode-3.5.1.tgz not in flight; adding
44 verbose addTmpTarball already have metadata; skipping unpack for learnyounode@3.5.1
45 verbose correctMkdir /Users/JECII/.npm correctMkdir not in flight; initializing
46 silly cache afterAdd learnyounode@3.5.1
47 verbose afterAdd /Users/JECII/.npm/learnyounode/3.5.1/package/package.json not in flight; writing
48 verbose correctMkdir /Users/JECII/.npm correctMkdir not in flight; initializing
49 verbose afterAdd /Users/JECII/.npm/learnyounode/3.5.1/package/package.json written
50 silly install resolved [ { name: 'learnyounode',
50 silly install resolved     version: '3.5.1',
50 silly install resolved     description: 'Learn You The Node.js For Much Win! An intro to Node.js via a set of self-guided workshops.',
50 silly install resolved     author:
50 silly install resolved      { name: 'Rod Vagg',
50 silly install resolved        email: 'rod@vagg.org',
50 silly install resolved        url: 'https://github.com/rvagg' },
50 silly install resolved     contributors:
50 silly install resolved      [ [Object],
50 silly install resolved        [Object],
50 silly install resolved        [Object],
50 silly install resolved        [Object],
50 silly install resolved        [Object],
50 silly install resolved        [Object],
50 silly install resolved        [Object],
50 silly install resolved        [Object],
50 silly install resolved        [Object],
50 silly install resolved        [Object],
50 silly install resolved        [Object],
50 silly install resolved        [Object],
50 silly install resolved        [Object],
50 silly install resolved        [Object],
50 silly install resolved        [Object],
50 silly install resolved        [Object],
50 silly install resolved        [Object],
50 silly install resolved        [Object],
50 silly install resolved        [Object],
50 silly install resolved        [Object],
50 silly install resolved        [Object],
50 silly install resolved        [Object],
50 silly install resolved        [Object],
50 silly install resolved        [Object],
50 silly install resolved        [Object],
50 silly install resolved        [Object],
50 silly install resolved        [Object],
50 silly install resolved        [Object],
50 silly install resolved        [Object],
50 silly install resolved        [Object],
50 silly install resolved        [Object],
50 silly install resolved        [Object],
50 silly install resolved        [Object],
50 silly install resolved        [Object],
50 silly install resolved        [Object],
50 silly install resolved        [Object],
50 silly install resolved        [Object],
50 silly install resolved        [Object],
50 silly install resolved        [Object],
50 silly install resolved        [Object],
50 silly install resolved        [Object],
50 silly install resolved        [Object],
50 silly install resolved        [Object],
50 silly install resolved        [Object],
50 silly install resolved        [Object] ],
50 silly install resolved     repository:
50 silly install resolved      { type: 'git',
50 silly install resolved        url: 'git+https://github.com/workshopper/learnyounode.git' },
50 silly install resolved     license: 'MIT',
50 silly install resolved     dependencies:
50 silly install resolved      { after: '~0.8.1',
50 silly install resolved        bl: '^1.1.2',
50 silly install resolved        boganipsum: '~0.1.0',
50 silly install resolved        'colors-tmpl': '^1.0.0',
50 silly install resolved        'combined-stream': '^1.0.5',
50 silly install resolved        'concat-stream': '^1.5.1',
50 silly install resolved        duplexer: '^0.1.1',
50 silly install resolved        hyperquest: '^1.3.0',
50 silly install resolved        rimraf: '^2.5.2',
50 silly install resolved        through: '^2.3.8',
50 silly install resolved        through2: '^2.0.1',
50 silly install resolved        'through2-map': '^2.0.0',
50 silly install resolved        'workshopper-adventure': '^4.6.0',
50 silly install resolved        'workshopper-exercise': '^2.7.0',
50 silly install resolved        'workshopper-wrappedexec': '~0.1.1' },
50 silly install resolved     devDependencies: { 'workshopper-adventure-test': '^1.0.4' },
50 silly install resolved     scripts: { test: 'workshopper-adventure-test' },
50 silly install resolved     bin: { learnyounode: './bin/learnyounode' },
50 silly install resolved     main: './learnyounode.js',
50 silly install resolved     preferGlobal: true,
50 silly install resolved     gitHead: '091b24ac4bab0005a46c900929c58d6aefc42598',
50 silly install resolved     bugs: { url: 'https://github.com/workshopper/learnyounode/issues' },
50 silly install resolved     homepage: 'https://github.com/workshopper/learnyounode#readme',
50 silly install resolved     _id: 'learnyounode@3.5.1',
50 silly install resolved     _shasum: '1e48b0e74c6c9f1555bce69b177b909511271651',
50 silly install resolved     _from: 'learnyounode@latest',
50 silly install resolved     _npmVersion: '3.9.0',
50 silly install resolved     _nodeVersion: '5.10.0',
50 silly install resolved     _npmUser: { name: 'leichtgewicht', email: 'martin.heidegger@gmail.com' },
50 silly install resolved     dist:
50 silly install resolved      { shasum: '1e48b0e74c6c9f1555bce69b177b909511271651',
50 silly install resolved        tarball: 'https://registry.npmjs.org/learnyounode/-/learnyounode-3.5.1.tgz' },
50 silly install resolved     maintainers: [ [Object], [Object], [Object] ],
50 silly install resolved     _npmOperationalInternal:
50 silly install resolved      { host: 'packages-16-east.internal.npmjs.com',
50 silly install resolved        tmp: 'tmp/learnyounode-3.5.1.tgz_1463317274818_0.7067756426986307' },
50 silly install resolved     directories: {},
50 silly install resolved     _resolved: 'https://registry.npmjs.org/learnyounode/-/learnyounode-3.5.1.tgz' } ]
51 info install learnyounode@3.5.1 into /usr/local/lib
52 info installOne learnyounode@3.5.1
53 verbose installOne of learnyounode to /usr/local/lib not in flight; installing
54 verbose correctMkdir /Users/JECII/.npm/_locks correctMkdir not in flight; initializing
55 verbose lock using /Users/JECII/.npm/_locks/learnyounode-3267a39f0ae1a4f5.lock for /usr/local/lib/node_modules/learnyounode
56 silly install write writing learnyounode 3.5.1 to /usr/local/lib/node_modules/learnyounode
57 verbose unbuild lib/node_modules/learnyounode
58 silly gentlyRm /usr/local/lib/node_modules/learnyounode is being purged from base /usr/local
59 verbose gentlyRm don't care about contents; nuking /usr/local/lib/node_modules/learnyounode
60 verbose tar unpack /Users/JECII/.npm/learnyounode/3.5.1/package.tgz
61 verbose tar unpacking to /usr/local/lib/node_modules/learnyounode
62 silly gentlyRm /usr/local/lib/node_modules/learnyounode is being purged
63 verbose gentlyRm don't care about contents; nuking /usr/local/lib/node_modules/learnyounode
64 silly gunzTarPerm modes [ '755', '644' ]
65 error tar.unpack untar error /Users/JECII/.npm/learnyounode/3.5.1/package.tgz
66 verbose unlock done using /Users/JECII/.npm/_locks/learnyounode-3267a39f0ae1a4f5.lock for /usr/local/lib/node_modules/learnyounode
67 verbose fstream_path /usr/local/lib/node_modules/learnyounode
68 verbose fstream_type Directory
69 verbose fstream_class DirWriter
70 verbose stack Error: EACCES: permission denied, mkdir '/usr/local/lib/node_modules/learnyounode'
70 verbose stack     at Error (native)
71 verbose fstream_stack /usr/local/lib/node_modules/npm/node_modules/fstream/lib/dir-writer.js:35:25
71 verbose fstream_stack /usr/local/lib/node_modules/npm/node_modules/mkdirp/index.js:47:53
71 verbose fstream_stack FSReqWrap.oncomplete (fs.js:82:15)
72 verbose cwd /Users/JECII/source/projects/scratchpad-2/stackunderflow
73 error Darwin 15.4.0
74 error argv "/usr/local/bin/node" "/usr/local/bin/npm" "install" "-g" "learnyounode"
75 error node v4.4.2
76 error npm  v2.15.0
77 error path /usr/local/lib/node_modules/learnyounode
78 error code EACCES
79 error errno -13
80 error syscall mkdir
81 error Error: EACCES: permission denied, mkdir '/usr/local/lib/node_modules/learnyounode'
81 error     at Error (native)
81 error  { [Error: EACCES: permission denied, mkdir '/usr/local/lib/node_modules/learnyounode']
81 error   errno: -13,
81 error   code: 'EACCES',
81 error   syscall: 'mkdir',
81 error   path: '/usr/local/lib/node_modules/learnyounode',
81 error   fstream_type: 'Directory',
81 error   fstream_path: '/usr/local/lib/node_modules/learnyounode',
81 error   fstream_class: 'DirWriter',
81 error   fstream_stack:
81 error    [ '/usr/local/lib/node_modules/npm/node_modules/fstream/lib/dir-writer.js:35:25',
81 error      '/usr/local/lib/node_modules/npm/node_modules/mkdirp/index.js:47:53',
81 error      'FSReqWrap.oncomplete (fs.js:82:15)' ] }
82 error Please try running this command again as root/Administrator.
83 verbose exit [ -13, true ]
84 verbose unbuild lib/node_modules/learnyounode
85 silly gentlyRm /usr/local/lib/node_modules/learnyounode is being purged from base /usr/local
86 verbose gentlyRm don't care about contents; nuking /usr/local/lib/node_modules/learnyounode
